This is pdfTeX, Version 3.14159265-2.6-1.40.15 (TeX Live 2014) (preloaded format=latex 2014.10.17)  25 JAN 2017 12:55
entering extended mode
 restricted \write18 enabled.
 %&-line parsing enabled.
**bookcover.ins
(./bookcover.ins
LaTeX2e <2014/05/01>
Babel <3.9k> and hyphenation patterns for 78 languages loaded.
(/usr/local/texlive/2014/texmf-dist/tex/latex/base/docstrip.tex
\blockLevel=\count79
\emptyLines=\count80
\processedLines=\count81
\commentsRemoved=\count82
\commentsPassed=\count83
\codeLinesPassed=\count84
\TotalprocessedLines=\count85
\TotalcommentsRemoved=\count86
\TotalcommentsPassed=\count87
\TotalcodeLinesPassed=\count88
\NumberOfFiles=\count89
\inFile=\read1
\inputcheck=\read2
\off@0=\count90
\off@1=\count91
\off@2=\count92
\off@3=\count93
\off@4=\count94
\off@5=\count95
\off@6=\count96
\off@7=\count97
\off@8=\count98
\off@9=\count99
\off@10=\count100
\off@11=\count101
\off@12=\count102
\off@13=\count103
\off@14=\count104
\off@15=\count105
\@maxfiles=\count106
\@maxoutfiles=\count107

Utility: `docstrip' 2.5d <2005/07/29>
English documentation    <2014/04/19>

**********************************************************
* This program converts documented macro-files into fast *
* loadable files by stripping off (nearly) all comments! *
**********************************************************

********************************************************
* No Configuration file found, using default settings. *
********************************************************

)

Generating file(s) ./bookcover.cls 
\openout0 = `./bookcover.cls'.


Processing file ./bookcover.dtx (class) -> bookcover.cls
File ./bookcover.dtx ended by \endinput.
Lines  processed: 2006
Comments removed: 873
Comments  passed: 69
Codelines passed: 1058

*********************************************************
*
* To finish the installation you have to move the
* following file into a directory searched by TeX:
*
*   bookcover.cls
*
* To produce the documentation run the file bookcover.dtx
* through LaTeX.
*
* Happy TeXing!
*********************************************************
 ) 
Here is how much of TeX's memory you used:
 310 strings out of 493118
 3175 string characters out of 6135458
 57716 words of memory out of 5000000
 3867 multiletter control sequences out of 15000+600000
 3640 words of font info for 14 fonts, out of 8000000 for 9000
 1141 hyphenation exceptions out of 8191
 11i,0n,15p,531b,119s stack positions out of 5000i,500n,10000p,200000b,80000s

No pages of output.
